calendarlib/build/intermediates/manifest_merge_blame_file/debug/manifest-merger-blame-debug-report.txt
1<?xml version="1.0" encoding="utf-8"?>
2<manifest xmlns:android="http://schemas.android.com/apk/res/android"
3    package="com.p_v.fliexiblecalendar"
4    android:versionCode="1"
5    android:versionName="1.0" >
6
7    <uses-sdk
8        android:minSdkVersion="17"
8-->src/main/AndroidManifest.xml
9        android:targetSdkVersion="28" />
9-->src/main/AndroidManifest.xml
10
11    <application
11-->src/main/AndroidManifest.xml:4:5-6:19
12        android:allowBackup="true"
12-->src/main/AndroidManifest.xml:4:18-44
13        android:label="@string/app_name" >
13-->src/main/AndroidManifest.xml:4:45-77
14    </application>
15
16</manifest>